<?xml version="1.0" encoding="UTF-8"?>
<!-- Generated by org.testng.reporters.JUnitXMLReporter -->
<testsuite ignored="0" hostname="LHQIT236083" failures="4" tests="4" name="UserLoginTest" time="0.07" errors="0" timestamp="2024-01-11T15:20:49 CET">
  <testcase classname="base.BaseTest" name="@AfterTest tearDown" time="0.009">
    <failure type="java.lang.NullPointerException" message="Cannot invoke &amp;quot;org.openqa.selenium.WebDriver.quit()&amp;quot; because &amp;quot;base.BaseTest.driver&amp;quot; is null">
      <![CDATA[java.lang.NullPointerException: Cannot invoke "org.openqa.selenium.WebDriver.quit()" because "base.BaseTest.driver" is null
at base.BaseTest.tearDown(BaseTest.java:103)
... Removed 24 stack frames]]>
    </failure>
  </testcase> <!-- @AfterTest tearDown -->
  <testcase classname="testcases.LoginFunctionality" name="invalidUsernameAndInvalidPassword" time="0.006">
    <failure type="java.lang.NullPointerException" message="Cannot invoke &amp;quot;pages.LoginPage.enterValidUsername(String)&amp;quot; because &amp;quot;this.loginPage&amp;quot; is null">
      <![CDATA[java.lang.NullPointerException: Cannot invoke "pages.LoginPage.enterValidUsername(String)" because "this.loginPage" is null
at testcases.LoginFunctionality.invalidUsernameAndInvalidPassword(LoginFunctionality.java:116)
at java.base/java.util.ArrayList.forEach(ArrayList.java:1511)
... Removed 27 stack frames]]>
    </failure>
  </testcase> <!-- invalidUsernameAndInvalidPassword -->
  <testcase classname="testcases.LoginFunctionality" name="invalidUsernameAndValidPassword" time="0.0">
    <failure type="java.lang.NullPointerException" message="Cannot invoke &amp;quot;pages.LoginPage.enterValidUsername(String)&amp;quot; because &amp;quot;this.loginPage&amp;quot; is null">
      <![CDATA[java.lang.NullPointerException: Cannot invoke "pages.LoginPage.enterValidUsername(String)" because "this.loginPage" is null
at testcases.LoginFunctionality.invalidUsernameAndValidPassword(LoginFunctionality.java:76)
at java.base/java.util.ArrayList.forEach(ArrayList.java:1511)
... Removed 27 stack frames]]>
    </failure>
  </testcase> <!-- invalidUsernameAndValidPassword -->
  <testcase classname="testcases.LoginFunctionality" name="validUsernameAndInvalidPassword" time="0.001">
    <failure type="java.lang.NullPointerException" message="Cannot invoke &amp;quot;pages.LoginPage.enterValidUsername(String)&amp;quot; because &amp;quot;this.loginPage&amp;quot; is null">
      <![CDATA[java.lang.NullPointerException: Cannot invoke "pages.LoginPage.enterValidUsername(String)" because "this.loginPage" is null
at testcases.LoginFunctionality.validUsernameAndInvalidPassword(LoginFunctionality.java:96)
at java.base/java.util.ArrayList.forEach(ArrayList.java:1511)
... Removed 27 stack frames]]>
    </failure>
  </testcase> <!-- validUsernameAndInvalidPassword -->
  <testcase classname="testcases.LoginFunctionality" name="validUsernameAndValidPassword" time="0.0">
    <failure type="java.lang.NullPointerException" message="Cannot invoke &amp;quot;pages.LoginPage.enterValidUsername(String)&amp;quot; because &amp;quot;this.loginPage&amp;quot; is null">
      <![CDATA[java.lang.NullPointerException: Cannot invoke "pages.LoginPage.enterValidUsername(String)" because "this.loginPage" is null
at testcases.LoginFunctionality.validUsernameAndValidPassword(LoginFunctionality.java:53)
at java.base/java.util.ArrayList.forEach(ArrayList.java:1511)
... Removed 27 stack frames]]>
    </failure>
  </testcase> <!-- validUsernameAndValidPassword -->
</testsuite> <!-- UserLoginTest -->
